<?xml version="1.0" encoding="UTF-8"?>
<!-- Generated by org.testng.reporters.JUnitReportReporter -->
<testsuite hostname="FRIDAY" failures="0" tests="1" name="org.tests.OpinionScraperTest" time="1.946" errors="0" timestamp="2024-12-26T09:00:04 IST" skipped="0">
  <testcase classname="org.tests.OpinionScraperTest" name="scrapeAndAnalyze" time="1.946"/>
</testsuite> <!-- org.tests.OpinionScraperTest -->
